2019-01-12T13:39:45+00:00 CRITICAL Uncaught Twig_Error_Syntax: Unexpected "item" tag (expecting closing tag for the "for" tag defined near line 50). in /mnt/e/Ubuntu/ebicla/wp-content/themes/ebicla/templates/sidebar-top.twig:85
Stack trace:
#0 /mnt/e/Ubuntu/ebicla/wp-content/plugins/timber-library/vendor/twig/twig/lib/Twig/TokenParser/For.php(42): Twig_Parser->subparse(Array)
#1 /mnt/e/Ubuntu/ebicla/wp-content/plugins/timber-library/vendor/twig/twig/lib/Twig/Parser.php(190): Twig_TokenParser_For->parse(Object(Twig_Token))
#2 /mnt/e/Ubuntu/ebicla/wp-content/plugins/timber-library/vendor/twig/twig/lib/Twig/Parser.php(103): Twig_Parser->subparse(NULL, false)
#3 /mnt/e/Ubuntu/ebicla/wp-content/plugins/timber-library/vendor/twig/twig/lib/Twig/Environment.php(692): Twig_Parser->parse(Object(Twig_TokenStream))
#4 /mnt/e/Ubuntu/ebicla/wp-content/plugins/timber-library/vendor/twig/twig/lib/Twig/Environment.php(750): Twig_Environment->parse(Object(Twig_TokenStream))
#5 /mnt/e/Ubuntu/ebicla/wp-content/plugins/timber-library/vendor/twig/twig/lib/Twig/Envi în /mnt/e/Ubuntu/ebicla/wp-content/themes/ebicla/templates/sidebar-top.twig pe linia 85

2019-01-12T13:39:48+00:00 CRITICAL Uncaught Twig_Error_Syntax: Unexpected "item" tag (expecting closing tag for the "for" tag defined near line 50). in /mnt/e/Ubuntu/ebicla/wp-content/themes/ebicla/templates/sidebar-top.twig:85
Stack trace:
#0 /mnt/e/Ubuntu/ebicla/wp-content/plugins/timber-library/vendor/twig/twig/lib/Twig/TokenParser/For.php(42): Twig_Parser->subparse(Array)
#1 /mnt/e/Ubuntu/ebicla/wp-content/plugins/timber-library/vendor/twig/twig/lib/Twig/Parser.php(190): Twig_TokenParser_For->parse(Object(Twig_Token))
#2 /mnt/e/Ubuntu/ebicla/wp-content/plugins/timber-library/vendor/twig/twig/lib/Twig/Parser.php(103): Twig_Parser->subparse(NULL, false)
#3 /mnt/e/Ubuntu/ebicla/wp-content/plugins/timber-library/vendor/twig/twig/lib/Twig/Environment.php(692): Twig_Parser->parse(Object(Twig_TokenStream))
#4 /mnt/e/Ubuntu/ebicla/wp-content/plugins/timber-library/vendor/twig/twig/lib/Twig/Environment.php(750): Twig_Environment->parse(Object(Twig_TokenStream))
#5 /mnt/e/Ubuntu/ebicla/wp-content/plugins/timber-library/vendor/twig/twig/lib/Twig/Envi în /mnt/e/Ubuntu/ebicla/wp-content/themes/ebicla/templates/sidebar-top.twig pe linia 85

2019-01-12T15:39:56+00:00 CRITICAL Uncaught PDOException: SQLSTATE[HY000] [1045] Access denied for user 'ebicla'@'localhost' (using password: YES) in /mnt/e/Ubuntu/ebicla/wp-content/themes/ebicla/functions/notificationsAPI/classes/Subscriptions.php:27
Stack trace:
#0 /mnt/e/Ubuntu/ebicla/wp-content/themes/ebicla/functions/notificationsAPI/classes/Subscriptions.php(27): PDO->__construct('mysql:host=loca...', 'ebicla', 'DB_PASS')
#1 /mnt/e/Ubuntu/ebicla/wp-content/themes/ebicla/functions/notificationsAPI/classes/Router.php(67): Subscriptions->__construct()
#2 /mnt/e/Ubuntu/ebicla/wp-content/themes/ebicla/functions/notificationsAPI/classes/Router.php(84): Router->_validate('RegisterSubscri...')
#3 /mnt/e/Ubuntu/ebicla/wp-content/themes/ebicla/functions/notificationsAPI/api.php(22): Router->load('RegisterSubscri...', '{\\"endpoint\\":\\...')
#4 {main}
  thrown în /mnt/e/Ubuntu/ebicla/wp-content/themes/ebicla/functions/notificationsAPI/classes/Subscriptions.php pe linia 27

