2018-12-08T15:41:15+00:00 CRITICAL Uncaught Twig_Error_Syntax: Unexpected token "operator" of value "=". in /home/ebiclaro/public_html/wp-content/themes/ebicla/templates/products.twig:14
Stack trace:
#0 /home/ebiclaro/public_html/wp-content/plugins/timber-library/vendor/twig/twig/lib/Twig/ExpressionParser.php(102): Twig_ExpressionParser->parsePrimaryExpression()
#1 /home/ebiclaro/public_html/wp-content/plugins/timber-library/vendor/twig/twig/lib/Twig/ExpressionParser.php(55): Twig_ExpressionParser->getPrimary()
#2 /home/ebiclaro/public_html/wp-content/plugins/timber-library/vendor/twig/twig/lib/Twig/ExpressionParser.php(68): Twig_ExpressionParser->parseExpression(21)
#3 /home/ebiclaro/public_html/wp-content/plugins/timber-library/vendor/twig/twig/lib/Twig/TokenParser/If.php(33): Twig_ExpressionParser->parseExpression()
#4 /home/ebiclaro/public_html/wp-content/plugins/timber-library/vendor/twig/twig/lib/Twig/Parser.php(190): Twig_TokenParser_If->parse(Object(Twig_Token))
#5 /home/ebiclaro/public_html/wp-content/plugins/timber-library/vendor/twi în /home/ebiclaro/public_html/wp-content/themes/ebicla/templates/products.twig pe linia 14

2018-12-08T15:41:20+00:00 CRITICAL Uncaught Twig_Error_Syntax: Unexpected token "operator" of value "=". in /home/ebiclaro/public_html/wp-content/themes/ebicla/templates/products.twig:14
Stack trace:
#0 /home/ebiclaro/public_html/wp-content/plugins/timber-library/vendor/twig/twig/lib/Twig/ExpressionParser.php(102): Twig_ExpressionParser->parsePrimaryExpression()
#1 /home/ebiclaro/public_html/wp-content/plugins/timber-library/vendor/twig/twig/lib/Twig/ExpressionParser.php(55): Twig_ExpressionParser->getPrimary()
#2 /home/ebiclaro/public_html/wp-content/plugins/timber-library/vendor/twig/twig/lib/Twig/ExpressionParser.php(68): Twig_ExpressionParser->parseExpression(21)
#3 /home/ebiclaro/public_html/wp-content/plugins/timber-library/vendor/twig/twig/lib/Twig/TokenParser/If.php(33): Twig_ExpressionParser->parseExpression()
#4 /home/ebiclaro/public_html/wp-content/plugins/timber-library/vendor/twig/twig/lib/Twig/Parser.php(190): Twig_TokenParser_If->parse(Object(Twig_Token))
#5 /home/ebiclaro/public_html/wp-content/plugins/timber-library/vendor/twi în /home/ebiclaro/public_html/wp-content/themes/ebicla/templates/products.twig pe linia 14

2018-12-08T15:42:33+00:00 CRITICAL Uncaught Twig_Error_Syntax: Unexpected character "!". in /home/ebiclaro/public_html/wp-content/themes/ebicla/templates/products.twig:14
Stack trace:
#0 /home/ebiclaro/public_html/wp-content/plugins/timber-library/vendor/twig/twig/lib/Twig/Lexer.php(216): Twig_Lexer->lexExpression()
#1 /home/ebiclaro/public_html/wp-content/plugins/timber-library/vendor/twig/twig/lib/Twig/Lexer.php(122): Twig_Lexer->lexBlock()
#2 /home/ebiclaro/public_html/wp-content/plugins/timber-library/vendor/twig/twig/lib/Twig/Environment.php(653): Twig_Lexer->tokenize(Object(Twig_Source))
#3 /home/ebiclaro/public_html/wp-content/plugins/timber-library/vendor/twig/twig/lib/Twig/Environment.php(750): Twig_Environment->tokenize(Object(Twig_Source))
#4 /home/ebiclaro/public_html/wp-content/plugins/timber-library/vendor/twig/twig/lib/Twig/Environment.php(447): Twig_Environment->compileSource(Object(Twig_Source))
#5 /home/ebiclaro/public_html/wp-content/plugins/timber-library/vendor/twig/twig/lib/Twig/Environment.php(362): Twig_Environment->loa în /home/ebiclaro/public_html/wp-content/themes/ebicla/templates/products.twig pe linia 14

2018-12-08T15:48:28+00:00 CRITICAL Object of class WP_Term could not be converted to string în /home/ebiclaro/public_html/wp-content/plugins/timber-library/vendor/twig/twig/lib/Twig/Environment.php(462) : eval()'d code pe linia 49

2018-12-08T15:58:06+00:00 CRITICAL Uncaught Twig_Error_Syntax: Unexpected character "&". in /home/ebiclaro/public_html/wp-content/themes/ebicla/templates/products.twig:36
Stack trace:
#0 /home/ebiclaro/public_html/wp-content/plugins/timber-library/vendor/twig/twig/lib/Twig/Lexer.php(216): Twig_Lexer->lexExpression()
#1 /home/ebiclaro/public_html/wp-content/plugins/timber-library/vendor/twig/twig/lib/Twig/Lexer.php(122): Twig_Lexer->lexBlock()
#2 /home/ebiclaro/public_html/wp-content/plugins/timber-library/vendor/twig/twig/lib/Twig/Environment.php(653): Twig_Lexer->tokenize(Object(Twig_Source))
#3 /home/ebiclaro/public_html/wp-content/plugins/timber-library/vendor/twig/twig/lib/Twig/Environment.php(750): Twig_Environment->tokenize(Object(Twig_Source))
#4 /home/ebiclaro/public_html/wp-content/plugins/timber-library/vendor/twig/twig/lib/Twig/Environment.php(447): Twig_Environment->compileSource(Object(Twig_Source))
#5 /home/ebiclaro/public_html/wp-content/plugins/timber-library/vendor/twig/twig/lib/Twig/Environment.php(362): Twig_Environment->loa în /home/ebiclaro/public_html/wp-content/themes/ebicla/templates/products.twig pe linia 36

2018-12-08T15:58:17+00:00 CRITICAL Uncaught Twig_Error_Syntax: Unexpected character "&". in /home/ebiclaro/public_html/wp-content/themes/ebicla/templates/products.twig:36
Stack trace:
#0 /home/ebiclaro/public_html/wp-content/plugins/timber-library/vendor/twig/twig/lib/Twig/Lexer.php(216): Twig_Lexer->lexExpression()
#1 /home/ebiclaro/public_html/wp-content/plugins/timber-library/vendor/twig/twig/lib/Twig/Lexer.php(122): Twig_Lexer->lexBlock()
#2 /home/ebiclaro/public_html/wp-content/plugins/timber-library/vendor/twig/twig/lib/Twig/Environment.php(653): Twig_Lexer->tokenize(Object(Twig_Source))
#3 /home/ebiclaro/public_html/wp-content/plugins/timber-library/vendor/twig/twig/lib/Twig/Environment.php(750): Twig_Environment->tokenize(Object(Twig_Source))
#4 /home/ebiclaro/public_html/wp-content/plugins/timber-library/vendor/twig/twig/lib/Twig/Environment.php(447): Twig_Environment->compileSource(Object(Twig_Source))
#5 /home/ebiclaro/public_html/wp-content/plugins/timber-library/vendor/twig/twig/lib/Twig/Environment.php(362): Twig_Environment->loa în /home/ebiclaro/public_html/wp-content/themes/ebicla/templates/products.twig pe linia 36

2018-12-08T16:01:34+00:00 CRITICAL Uncaught Twig_Error_Syntax: Unexpected character "&". in /home/ebiclaro/public_html/wp-content/themes/ebicla/templates/products.twig:36
Stack trace:
#0 /home/ebiclaro/public_html/wp-content/plugins/timber-library/vendor/twig/twig/lib/Twig/Lexer.php(216): Twig_Lexer->lexExpression()
#1 /home/ebiclaro/public_html/wp-content/plugins/timber-library/vendor/twig/twig/lib/Twig/Lexer.php(122): Twig_Lexer->lexBlock()
#2 /home/ebiclaro/public_html/wp-content/plugins/timber-library/vendor/twig/twig/lib/Twig/Environment.php(653): Twig_Lexer->tokenize(Object(Twig_Source))
#3 /home/ebiclaro/public_html/wp-content/plugins/timber-library/vendor/twig/twig/lib/Twig/Environment.php(750): Twig_Environment->tokenize(Object(Twig_Source))
#4 /home/ebiclaro/public_html/wp-content/plugins/timber-library/vendor/twig/twig/lib/Twig/Environment.php(447): Twig_Environment->compileSource(Object(Twig_Source))
#5 /home/ebiclaro/public_html/wp-content/plugins/timber-library/vendor/twig/twig/lib/Twig/Environment.php(362): Twig_Environment->loa în /home/ebiclaro/public_html/wp-content/themes/ebicla/templates/products.twig pe linia 36

2018-12-08T16:39:04+00:00 CRITICAL syntax error, unexpected '}' în /home/ebiclaro/public_html/wp-content/themes/ebicla/products.php pe linia 109

