2018-12-11T20:32:20+00:00 INFO Array
(
    [Webhook Delivery] => Array
        (
            [Delivery ID] => 76cadd2793acea6135eac5c3e1c13a5d
            [Date] => 11 dec. 2018 @ 20:32
            [URL] => https://www.shopmaster.com/orders/woocommerceWebhook.json
            [Duration] => 1.8792
            [Request] => Array
                (
                    [Method] => POST
                    [Headers] => Array
                        (
                            [User-Agent] => WooCommerce/3.5.2 Hookshot (WordPress/5.0)
                            [Content-Type] => application/json
                            [X-WC-Webhook-Source] => https://ebicla.ro/
                            [X-WC-Webhook-Topic] => order.updated
                            [X-WC-Webhook-Resource] => order
                            [X-WC-Webhook-Event] => updated
                            [X-WC-Webhook-Signature] => kUzKSNFDZ4JTNLSLTtxWa4OBfYUiDef/LUZo6SRuqMQ=
                            [X-WC-Webhook-ID] => 2
                            [X-WC-Webhook-Delivery-ID] => 76cadd2793acea6135eac5c3e1c13a5d
                        )

                )

            [Body] => Webhook body is not logged unless WP_DEBUG mode is turned on. This is to avoid the storing of personal data in the logs.
            [Response] => Array
                (
                    [Code] => 200
                    [Message] => OK
                    [Headers] => Requests_Utility_CaseInsensitiveDictionary Object
                        (
                            [data:protected] => Array
                                (
                                    [server] => nginx
                                    [date] => Tue, 11 Dec 2018 20:32:21 GMT
                                    [content-type] => application/json;charset=UTF-8
                                    [vary] => Accept-Encoding
                                    [set-cookie] => SHAREJSESSIONID=62f84081-b555-4d64-b0bd-a572f20e20eb; Path=/; HttpOnly
                                    [content-encoding] => gzip
                                )

                        )

                    [Body] => Webhook body is not logged unless WP_DEBUG mode is turned on. This is to avoid the storing of personal data in the logs.
                )

        )

)

2018-12-11T23:22:05+00:00 INFO Array
(
    [Webhook Delivery] => Array
        (
            [Delivery ID] => 3a31cd592b0914aac960fb0aae48a6ec
            [Date] => 11 dec. 2018 @ 23:22
            [URL] => https://www.shopmaster.com/orders/woocommerceWebhook.json
            [Duration] => 2.8798
            [Request] => Array
                (
                    [Method] => POST
                    [Headers] => Array
                        (
                            [User-Agent] => WooCommerce/3.5.2 Hookshot (WordPress/5.0)
                            [Content-Type] => application/json
                            [X-WC-Webhook-Source] => https://ebicla.ro/
                            [X-WC-Webhook-Topic] => order.updated
                            [X-WC-Webhook-Resource] => order
                            [X-WC-Webhook-Event] => updated
                            [X-WC-Webhook-Signature] => idV+qYRyCMBcRZVQQYvwDCOmmNAQC8k5YIg/RWkS4Es=
                            [X-WC-Webhook-ID] => 2
                            [X-WC-Webhook-Delivery-ID] => 3a31cd592b0914aac960fb0aae48a6ec
                        )

                )

            [Body] => Webhook body is not logged unless WP_DEBUG mode is turned on. This is to avoid the storing of personal data in the logs.
            [Response] => Array
                (
                    [Code] => 200
                    [Message] => OK
                    [Headers] => Requests_Utility_CaseInsensitiveDictionary Object
                        (
                            [data:protected] => Array
                                (
                                    [server] => nginx
                                    [date] => Tue, 11 Dec 2018 23:22:06 GMT
                                    [content-type] => application/json;charset=UTF-8
                                    [vary] => Accept-Encoding
                                    [set-cookie] => SHAREJSESSIONID=2570bccc-3a2b-4e9b-8862-625bebaa44b8; Path=/; HttpOnly
                                    [content-encoding] => gzip
                                )

                        )

                    [Body] => Webhook body is not logged unless WP_DEBUG mode is turned on. This is to avoid the storing of personal data in the logs.
                )

        )

)

